Build started 29/11/2016 12:01:40.
     1>Project "C:\Users\1E18\Documents\mtp\aula20161129\ProjGUI2\ProjGUI2\ProjGUI2.vcxproj" on node 2 (build target(s)).
     1>InitializeBuildStatus:
         Creating "Debug\ProjGUI2.unsuccessfulbuild" because "AlwaysCreate" was specified.
       GenerateTargetFrameworkMonikerAttribute:
       Skipping target "GenerateTargetFrameworkMonikerAttribute" because all output files are up-to-date with respect to the input files.
       ClCompile:
         All outputs are up-to-date.
         C:\Program Files (x86)\Microsoft Visual Studio 10.0\VC\bin\CL.exe /c /AI"C:\Program Files (x86)\Reference Assemblies\Microsoft\Framework\.NETFramework\v4.0" /Zi /clr:pure /nologo /W3 /WX- /Od /Oy- /D WIN32 /D _DEBUG /D _UNICODE /D UNICODE /EHa /MDd /GS /fp:precise /Zc:wchar_t /Zc:forScope /Yu"StdAfx.h" /Fp"Debug\ProjGUI2.pch" /Fo"Debug\\" /Fd"Debug\vc100.pdb" /TP /FU"C:\Program Files (x86)\Reference Assemblies\Microsoft\Framework\.NETFramework\v4.0\System.Core.dll" /FU"C:\Program Files (x86)\Reference Assemblies\Microsoft\Framework\.NETFramework\v4.0\System.Data.dll" /FU"C:\Program Files (x86)\Reference Assemblies\Microsoft\Framework\.NETFramework\v4.0\System.dll" /FU"C:\Program Files (x86)\Reference Assemblies\Microsoft\Framework\.NETFramework\v4.0\System.Drawing.dll" /FU"C:\Program Files (x86)\Reference Assemblies\Microsoft\Framework\.NETFramework\v4.0\System.Windows.Forms.dll" /FU"C:\Program Files (x86)\Reference Assemblies\Microsoft\Framework\.NETFramework\v4.0\System.Xml.dll" /analyze- /errorReport:prompt ProjGUI2.cpp /clr:nostdlib 
         ProjGUI2.cpp
         All outputs are up-to-date.
       CoreResGen:
         No resources are out of date with respect to their source files. Skipping resource generation.
       ResourceCompile:
         All outputs are up-to-date.
       Link:
         C:\Program Files (x86)\Microsoft Visual Studio 10.0\VC\bin\link.exe /ERRORREPORT:PROMPT /OUT:"C:\Users\1E18\Documents\mtp\aula20161129\ProjGUI2\Debug\ProjGUI2.exe" /INCREMENTAL:NO /NOLOGO /ASSEMBLYRESOURCE:Debug\ProjGUI2.Form1.resources /MANIFEST /ManifestFile:"Debug\ProjGUI2.exe.intermediate.manifest" /MANIFESTUAC:"level='asInvoker' uiAccess='false'" /DEBUG /PDB:"C:\Users\1E18\Documents\mtp\aula20161129\ProjGUI2\Debug\ProjGUI2.pdb" /ASSEMBLYDEBUG /SUBSYSTEM:WINDOWS /TLBID:1 /ENTRY:"main" /DYNAMICBASE /FIXED:NO /NXCOMPAT /MACHINE:X86 Debug\app.res
         Debug\AssemblyInfo.obj
         Debug\ProjGUI2.obj
         Debug\stdafx.obj
         "Debug\.NETFramework,Version=v4.0.AssemblyAttributes.obj"
         ProjGUI2.vcxproj -> C:\Users\1E18\Documents\mtp\aula20161129\ProjGUI2\Debug\ProjGUI2.exe
       Manifest:
         C:\Program Files (x86)\Microsoft SDKs\Windows\v7.0A\bin\mt.exe /nologo /verbose /outputresource:"C:\Users\1E18\Documents\mtp\aula20161129\ProjGUI2\Debug\ProjGUI2.exe;#1" /manifest Debug\ProjGUI2.exe.intermediate.manifest
       FinalizeBuildStatus:
         Deleting file "Debug\ProjGUI2.unsuccessfulbuild".
         Touching "Debug\ProjGUI2.lastbuildstate".
     1>Done Building Project "C:\Users\1E18\Documents\mtp\aula20161129\ProjGUI2\ProjGUI2\ProjGUI2.vcxproj" (build target(s)).

Build succeeded.

Time Elapsed 00:00:00.64
